2017-10-22 06:51:11.032+0000 INFO  [org.neo4j]: [result/neostore.relationshiptypestore.db.names] brickCount=0 brickSize=0b mappedMem=0b (storeSize=38b)
2017-10-22 06:51:11.054+0000 INFO  [org.neo4j]: [result/neostore.relationshiptypestore.db] brickCount=0 brickSize=0b mappedMem=0b (storeSize=0b)
2017-10-22 06:51:11.088+0000 INFO  [org.neo4j]: result/neostore.relationshiptypestore.db.names hit=0 miss=0 switches=0 ooe=0
2017-10-22 06:51:11.133+0000 INFO  [org.neo4j]: result/neostore.relationshiptypestore.db hit=0 miss=0 switches=0 ooe=0
2017-10-22 06:51:11.356+0000 INFO  [org.neo4j]: [result/neostore.labeltokenstore.db.names] brickCount=0 brickSize=0b mappedMem=0b (storeSize=38b)
2017-10-22 06:51:11.357+0000 INFO  [org.neo4j]: [result/neostore.labeltokenstore.db] brickCount=0 brickSize=0b mappedMem=0b (storeSize=0b)
2017-10-22 06:51:11.390+0000 INFO  [org.neo4j]: result/neostore.labeltokenstore.db.names hit=0 miss=0 switches=0 ooe=0
2017-10-22 06:51:11.445+0000 INFO  [org.neo4j]: result/neostore.labeltokenstore.db hit=0 miss=0 switches=0 ooe=0
2017-10-22 06:51:11.646+0000 INFO  [org.neo4j]: [result/neostore.relationshiptypestore.db.names] brickCount=0 brickSize=0b mappedMem=0b (storeSize=38b)
2017-10-22 06:51:11.646+0000 INFO  [org.neo4j]: [result/neostore.relationshiptypestore.db] brickCount=0 brickSize=0b mappedMem=0b (storeSize=0b)
2017-10-22 06:51:11.647+0000 INFO  [org.neo4j]: [result/neostore.labeltokenstore.db.names] brickCount=0 brickSize=0b mappedMem=0b (storeSize=38b)
2017-10-22 06:51:11.647+0000 INFO  [org.neo4j]: [result/neostore.labeltokenstore.db] brickCount=0 brickSize=0b mappedMem=0b (storeSize=0b)
2017-10-22 06:51:11.648+0000 INFO  [org.neo4j]: [result/neostore.propertystore.db.strings] brickCount=0 brickSize=209664b mappedMem=209715200b (storeSize=128b)
2017-10-22 06:51:11.649+0000 INFO  [org.neo4j]: [result/neostore.propertystore.db.index.keys] brickCount=0 brickSize=5206b mappedMem=5242880b (storeSize=38b)
2017-10-22 06:51:11.650+0000 INFO  [org.neo4j]: [result/neostore.propertystore.db.index] brickCount=0 brickSize=52425b mappedMem=5242880b (storeSize=0b)
2017-10-22 06:51:11.651+0000 INFO  [org.neo4j]: [result/neostore.propertystore.db.arrays] brickCount=0 brickSize=136192b mappedMem=136314880b (storeSize=128b)
2017-10-22 06:51:11.654+0000 INFO  [org.neo4j]: [result/neostore.propertystore.db] brickCount=0 brickSize=2097150b mappedMem=209715200b (storeSize=0b)
2017-10-22 06:51:11.656+0000 INFO  [org.neo4j]: [result/neostore.relationshipstore.db] brickCount=0 brickSize=21474808b mappedMem=2147483648b (storeSize=0b)
2017-10-22 06:51:11.657+0000 INFO  [org.neo4j]: [result/neostore.nodestore.db.labels] brickCount=0 brickSize=0b mappedMem=0b (storeSize=68b)
2017-10-22 06:51:11.659+0000 INFO  [org.neo4j]: [result/neostore.nodestore.db] brickCount=0 brickSize=2097150b mappedMem=209715200b (storeSize=0b)
2017-10-22 06:51:11.659+0000 INFO  [org.neo4j]: [result/neostore.schemastore.db] brickCount=0 brickSize=0b mappedMem=0b (storeSize=64b)
2017-10-22 06:51:11.661+0000 INFO  [org.neo4j]: [result/neostore.relationshipgroupstore.db] brickCount=0 brickSize=0b mappedMem=0b (storeSize=25b)
2017-10-22 06:51:11.662+0000 INFO  [org.neo4j]: [result/neostore] brickCount=0 brickSize=0b mappedMem=0b (storeSize=0b)
2017-10-22 06:51:11.690+0000 INFO  [org.neo4j]: result/neostore.relationshiptypestore.db.names hit=0 miss=0 switches=0 ooe=0
2017-10-22 06:51:11.735+0000 INFO  [org.neo4j]: result/neostore.relationshiptypestore.db hit=0 miss=0 switches=0 ooe=0
2017-10-22 06:51:11.780+0000 INFO  [org.neo4j]: result/neostore.labeltokenstore.db.names hit=0 miss=0 switches=0 ooe=0
2017-10-22 06:51:11.824+0000 INFO  [org.neo4j]: result/neostore.labeltokenstore.db hit=0 miss=0 switches=0 ooe=0
2017-10-22 06:51:11.857+0000 INFO  [org.neo4j]: result/neostore.propertystore.db.strings hit=0 miss=0 switches=0 ooe=0
2017-10-22 06:51:11.902+0000 INFO  [org.neo4j]: result/neostore.propertystore.db.index.keys hit=0 miss=0 switches=0 ooe=0
2017-10-22 06:51:11.935+0000 INFO  [org.neo4j]: result/neostore.propertystore.db.index hit=0 miss=0 switches=0 ooe=0
2017-10-22 06:51:11.980+0000 INFO  [org.neo4j]: result/neostore.propertystore.db.arrays hit=0 miss=0 switches=0 ooe=0
2017-10-22 06:51:12.013+0000 INFO  [org.neo4j]: result/neostore.propertystore.db hit=0 miss=0 switches=0 ooe=0
2017-10-22 06:51:12.057+0000 INFO  [org.neo4j]: result/neostore.relationshipstore.db hit=0 miss=0 switches=0 ooe=0
2017-10-22 06:51:12.091+0000 INFO  [org.neo4j]: result/neostore.nodestore.db.labels hit=0 miss=0 switches=0 ooe=0
2017-10-22 06:51:12.124+0000 INFO  [org.neo4j]: result/neostore.nodestore.db hit=0 miss=0 switches=0 ooe=0
2017-10-22 06:51:12.157+0000 INFO  [org.neo4j]: result/neostore.schemastore.db hit=0 miss=0 switches=0 ooe=0
2017-10-22 06:51:12.191+0000 INFO  [org.neo4j]: result/neostore.relationshipgroupstore.db hit=0 miss=0 switches=0 ooe=0
2017-10-22 06:51:12.257+0000 INFO  [org.neo4j]: result/neostore hit=0 miss=10 switches=0 ooe=0
2017-10-22 06:51:12.302+0000 INFO  [org.neo4j]: Thread[main,5,main] Starting BatchInserter(EmbeddedBatchInserter[result])
2017-10-22 06:51:12.302+0000 INFO  [org.neo4j]: [result/neostore.relationshiptypestore.db.names] brickCount=0 brickSize=0b mappedMem=0b (storeSize=38b)
2017-10-22 06:51:12.303+0000 INFO  [org.neo4j]: [result/neostore.relationshiptypestore.db] brickCount=0 brickSize=0b mappedMem=0b (storeSize=0b)
2017-10-22 06:51:12.303+0000 INFO  [org.neo4j]: [result/neostore.labeltokenstore.db.names] brickCount=0 brickSize=0b mappedMem=0b (storeSize=38b)
2017-10-22 06:51:12.304+0000 INFO  [org.neo4j]: [result/neostore.labeltokenstore.db] brickCount=0 brickSize=0b mappedMem=0b (storeSize=0b)
2017-10-22 06:51:12.304+0000 INFO  [org.neo4j]: [result/neostore.propertystore.db.strings] brickCount=0 brickSize=209664b mappedMem=209715200b (storeSize=128b)
2017-10-22 06:51:12.305+0000 INFO  [org.neo4j]: [result/neostore.propertystore.db.index.keys] brickCount=0 brickSize=5206b mappedMem=5242880b (storeSize=38b)
2017-10-22 06:51:12.305+0000 INFO  [org.neo4j]: [result/neostore.propertystore.db.index] brickCount=0 brickSize=52425b mappedMem=5242880b (storeSize=0b)
2017-10-22 06:51:12.306+0000 INFO  [org.neo4j]: [result/neostore.propertystore.db.arrays] brickCount=0 brickSize=136192b mappedMem=136314880b (storeSize=128b)
2017-10-22 06:51:12.306+0000 INFO  [org.neo4j]: [result/neostore.propertystore.db] brickCount=0 brickSize=2097150b mappedMem=209715200b (storeSize=0b)
2017-10-22 06:51:12.306+0000 INFO  [org.neo4j]: [result/neostore.relationshipstore.db] brickCount=0 brickSize=21474808b mappedMem=2147483648b (storeSize=0b)
2017-10-22 06:51:12.307+0000 INFO  [org.neo4j]: [result/neostore.nodestore.db.labels] brickCount=0 brickSize=0b mappedMem=0b (storeSize=68b)
2017-10-22 06:51:12.307+0000 INFO  [org.neo4j]: [result/neostore.nodestore.db] brickCount=0 brickSize=2097150b mappedMem=209715200b (storeSize=0b)
2017-10-22 06:51:12.308+0000 INFO  [org.neo4j]: [result/neostore.schemastore.db] brickCount=0 brickSize=0b mappedMem=0b (storeSize=64b)
2017-10-22 06:51:12.308+0000 INFO  [org.neo4j]: [result/neostore.relationshipgroupstore.db] brickCount=0 brickSize=0b mappedMem=0b (storeSize=25b)
2017-10-22 06:51:12.309+0000 INFO  [org.neo4j]: [result/neostore] brickCount=0 brickSize=0b mappedMem=0b (storeSize=81b)
2017-10-22 06:51:12.422+0000 INFO  [org.neo4j]: No lucene scan store index found, this might just be first use. Preparing to rebuild.
2017-10-22 06:51:12.476+0000 INFO  [org.neo4j]: No lucene scan store index found, this might just be first use. Preparing to rebuild.
2017-10-22 06:51:12.628+0000 INFO  [org.neo4j]: Rebuilding lucene scan store, this may take a while
2017-10-22 06:51:12.630+0000 INFO  [org.neo4j]: Lucene scan store rebuilt (roughly -1 nodes)
2017-10-22 06:51:29.166+0000 INFO  [org.neo4j]: result/neostore.relationshiptypestore.db.names hit=0 miss=13 switches=0 ooe=0
2017-10-22 06:51:29.244+0000 INFO  [org.neo4j]: result/neostore.relationshiptypestore.db hit=0 miss=13 switches=0 ooe=0
2017-10-22 06:51:29.300+0000 INFO  [org.neo4j]: result/neostore.labeltokenstore.db.names hit=0 miss=0 switches=0 ooe=0
2017-10-22 06:51:29.355+0000 INFO  [org.neo4j]: result/neostore.labeltokenstore.db hit=0 miss=0 switches=0 ooe=0
2017-10-22 06:51:29.690+0000 INFO  [org.neo4j]: result/neostore.propertystore.db.strings hit=11859 miss=0 switches=0 ooe=0
2017-10-22 06:51:29.753+0000 INFO  [org.neo4j]: result/neostore.propertystore.db.index.keys hit=14 miss=0 switches=0 ooe=0
2017-10-22 06:51:29.834+0000 INFO  [org.neo4j]: result/neostore.propertystore.db.index hit=14 miss=0 switches=0 ooe=0
2017-10-22 06:51:29.890+0000 INFO  [org.neo4j]: result/neostore.propertystore.db.arrays hit=0 miss=0 switches=0 ooe=0
2017-10-22 06:51:30.223+0000 INFO  [org.neo4j]: result/neostore.propertystore.db hit=220583 miss=0 switches=0 ooe=0
2017-10-22 06:51:30.356+0000 INFO  [org.neo4j]: result/neostore.relationshipstore.db hit=721639 miss=0 switches=0 ooe=0
2017-10-22 06:51:30.401+0000 INFO  [org.neo4j]: result/neostore.nodestore.db.labels hit=0 miss=0 switches=0 ooe=0
2017-10-22 06:51:30.478+0000 INFO  [org.neo4j]: result/neostore.nodestore.db hit=797073 miss=0 switches=0 ooe=0
2017-10-22 06:51:30.523+0000 INFO  [org.neo4j]: result/neostore.schemastore.db hit=0 miss=0 switches=0 ooe=0
2017-10-22 06:51:30.578+0000 INFO  [org.neo4j]: result/neostore.relationshipgroupstore.db hit=0 miss=31679 switches=0 ooe=0
2017-10-22 06:51:30.623+0000 INFO  [org.neo4j]: result/neostore hit=0 miss=2 switches=0 ooe=0
2017-10-22 06:51:30.667+0000 INFO  [org.neo4j]: Thread[main,5,main] Clean shutdown on BatchInserter(EmbeddedBatchInserter[result])
