2018-02-28 12:38:08.639+0000 INFO  [org.neo4j]: [neo4j-community-2.1.8/data/myc2.db/neostore.relationshiptypestore.db.names] brickCount=0 brickSize=0b mappedMem=0b (storeSize=38b)
2018-02-28 12:38:08.781+0000 INFO  [org.neo4j]: [neo4j-community-2.1.8/data/myc2.db/neostore.relationshiptypestore.db] brickCount=0 brickSize=0b mappedMem=0b (storeSize=0b)
2018-02-28 12:38:08.819+0000 INFO  [org.neo4j]: neo4j-community-2.1.8/data/myc2.db/neostore.relationshiptypestore.db.names hit=0 miss=0 switches=0 ooe=0
2018-02-28 12:38:08.875+0000 INFO  [org.neo4j]: neo4j-community-2.1.8/data/myc2.db/neostore.relationshiptypestore.db hit=0 miss=0 switches=0 ooe=0
2018-02-28 12:38:09.083+0000 INFO  [org.neo4j]: [neo4j-community-2.1.8/data/myc2.db/neostore.labeltokenstore.db.names] brickCount=0 brickSize=0b mappedMem=0b (storeSize=38b)
2018-02-28 12:38:09.085+0000 INFO  [org.neo4j]: [neo4j-community-2.1.8/data/myc2.db/neostore.labeltokenstore.db] brickCount=0 brickSize=0b mappedMem=0b (storeSize=0b)
2018-02-28 12:38:09.120+0000 INFO  [org.neo4j]: neo4j-community-2.1.8/data/myc2.db/neostore.labeltokenstore.db.names hit=0 miss=0 switches=0 ooe=0
2018-02-28 12:38:09.175+0000 INFO  [org.neo4j]: neo4j-community-2.1.8/data/myc2.db/neostore.labeltokenstore.db hit=0 miss=0 switches=0 ooe=0
2018-02-28 12:38:09.455+0000 INFO  [org.neo4j]: [neo4j-community-2.1.8/data/myc2.db/neostore.relationshiptypestore.db.names] brickCount=0 brickSize=0b mappedMem=0b (storeSize=38b)
2018-02-28 12:38:09.456+0000 INFO  [org.neo4j]: [neo4j-community-2.1.8/data/myc2.db/neostore.relationshiptypestore.db] brickCount=0 brickSize=0b mappedMem=0b (storeSize=0b)
2018-02-28 12:38:09.456+0000 INFO  [org.neo4j]: [neo4j-community-2.1.8/data/myc2.db/neostore.labeltokenstore.db.names] brickCount=0 brickSize=0b mappedMem=0b (storeSize=38b)
2018-02-28 12:38:09.457+0000 INFO  [org.neo4j]: [neo4j-community-2.1.8/data/myc2.db/neostore.labeltokenstore.db] brickCount=0 brickSize=0b mappedMem=0b (storeSize=0b)
2018-02-28 12:38:09.457+0000 INFO  [org.neo4j]: [neo4j-community-2.1.8/data/myc2.db/neostore.propertystore.db.strings] brickCount=0 brickSize=209664b mappedMem=209715200b (storeSize=128b)
2018-02-28 12:38:09.458+0000 INFO  [org.neo4j]: [neo4j-community-2.1.8/data/myc2.db/neostore.propertystore.db.index.keys] brickCount=0 brickSize=5206b mappedMem=5242880b (storeSize=38b)
2018-02-28 12:38:09.460+0000 INFO  [org.neo4j]: [neo4j-community-2.1.8/data/myc2.db/neostore.propertystore.db.index] brickCount=0 brickSize=52425b mappedMem=5242880b (storeSize=0b)
2018-02-28 12:38:09.461+0000 INFO  [org.neo4j]: [neo4j-community-2.1.8/data/myc2.db/neostore.propertystore.db.arrays] brickCount=0 brickSize=136192b mappedMem=136314880b (storeSize=128b)
2018-02-28 12:38:09.464+0000 INFO  [org.neo4j]: [neo4j-community-2.1.8/data/myc2.db/neostore.propertystore.db] brickCount=0 brickSize=2097150b mappedMem=209715200b (storeSize=0b)
2018-02-28 12:38:09.467+0000 INFO  [org.neo4j]: [neo4j-community-2.1.8/data/myc2.db/neostore.relationshipstore.db] brickCount=0 brickSize=21474808b mappedMem=2147483648b (storeSize=0b)
2018-02-28 12:38:09.468+0000 INFO  [org.neo4j]: [neo4j-community-2.1.8/data/myc2.db/neostore.nodestore.db.labels] brickCount=0 brickSize=0b mappedMem=0b (storeSize=68b)
2018-02-28 12:38:09.470+0000 INFO  [org.neo4j]: [neo4j-community-2.1.8/data/myc2.db/neostore.nodestore.db] brickCount=0 brickSize=2097150b mappedMem=209715200b (storeSize=0b)
2018-02-28 12:38:09.471+0000 INFO  [org.neo4j]: [neo4j-community-2.1.8/data/myc2.db/neostore.schemastore.db] brickCount=0 brickSize=0b mappedMem=0b (storeSize=64b)
2018-02-28 12:38:09.474+0000 INFO  [org.neo4j]: [neo4j-community-2.1.8/data/myc2.db/neostore.relationshipgroupstore.db] brickCount=0 brickSize=0b mappedMem=0b (storeSize=25b)
2018-02-28 12:38:09.476+0000 INFO  [org.neo4j]: [neo4j-community-2.1.8/data/myc2.db/neostore] brickCount=0 brickSize=0b mappedMem=0b (storeSize=0b)
2018-02-28 12:38:09.543+0000 INFO  [org.neo4j]: neo4j-community-2.1.8/data/myc2.db/neostore.relationshiptypestore.db.names hit=0 miss=0 switches=0 ooe=0
2018-02-28 12:38:09.598+0000 INFO  [org.neo4j]: neo4j-community-2.1.8/data/myc2.db/neostore.relationshiptypestore.db hit=0 miss=0 switches=0 ooe=0
2018-02-28 12:38:09.654+0000 INFO  [org.neo4j]: neo4j-community-2.1.8/data/myc2.db/neostore.labeltokenstore.db.names hit=0 miss=0 switches=0 ooe=0
2018-02-28 12:38:09.709+0000 INFO  [org.neo4j]: neo4j-community-2.1.8/data/myc2.db/neostore.labeltokenstore.db hit=0 miss=0 switches=0 ooe=0
2018-02-28 12:38:09.765+0000 INFO  [org.neo4j]: neo4j-community-2.1.8/data/myc2.db/neostore.propertystore.db.strings hit=0 miss=0 switches=0 ooe=0
2018-02-28 12:38:09.842+0000 INFO  [org.neo4j]: neo4j-community-2.1.8/data/myc2.db/neostore.propertystore.db.index.keys hit=0 miss=0 switches=0 ooe=0
2018-02-28 12:38:09.898+0000 INFO  [org.neo4j]: neo4j-community-2.1.8/data/myc2.db/neostore.propertystore.db.index hit=0 miss=0 switches=0 ooe=0
2018-02-28 12:38:09.955+0000 INFO  [org.neo4j]: neo4j-community-2.1.8/data/myc2.db/neostore.propertystore.db.arrays hit=0 miss=0 switches=0 ooe=0
2018-02-28 12:38:10.010+0000 INFO  [org.neo4j]: neo4j-community-2.1.8/data/myc2.db/neostore.propertystore.db hit=0 miss=0 switches=0 ooe=0
2018-02-28 12:38:10.055+0000 INFO  [org.neo4j]: neo4j-community-2.1.8/data/myc2.db/neostore.relationshipstore.db hit=0 miss=0 switches=0 ooe=0
2018-02-28 12:38:10.099+0000 INFO  [org.neo4j]: neo4j-community-2.1.8/data/myc2.db/neostore.nodestore.db.labels hit=0 miss=0 switches=0 ooe=0
2018-02-28 12:38:10.154+0000 INFO  [org.neo4j]: neo4j-community-2.1.8/data/myc2.db/neostore.nodestore.db hit=0 miss=0 switches=0 ooe=0
2018-02-28 12:38:10.188+0000 INFO  [org.neo4j]: neo4j-community-2.1.8/data/myc2.db/neostore.schemastore.db hit=0 miss=0 switches=0 ooe=0
2018-02-28 12:38:10.254+0000 INFO  [org.neo4j]: neo4j-community-2.1.8/data/myc2.db/neostore.relationshipgroupstore.db hit=0 miss=0 switches=0 ooe=0
2018-02-28 12:38:10.376+0000 INFO  [org.neo4j]: neo4j-community-2.1.8/data/myc2.db/neostore hit=0 miss=10 switches=0 ooe=0
2018-02-28 12:38:10.421+0000 INFO  [org.neo4j]: Thread[main,5,main] Starting BatchInserter(EmbeddedBatchInserter[neo4j-community-2.1.8/data/myc2.db])
2018-02-28 12:38:10.422+0000 INFO  [org.neo4j]: [neo4j-community-2.1.8/data/myc2.db/neostore.relationshiptypestore.db.names] brickCount=0 brickSize=0b mappedMem=0b (storeSize=38b)
2018-02-28 12:38:10.422+0000 INFO  [org.neo4j]: [neo4j-community-2.1.8/data/myc2.db/neostore.relationshiptypestore.db] brickCount=0 brickSize=0b mappedMem=0b (storeSize=0b)
2018-02-28 12:38:10.423+0000 INFO  [org.neo4j]: [neo4j-community-2.1.8/data/myc2.db/neostore.labeltokenstore.db.names] brickCount=0 brickSize=0b mappedMem=0b (storeSize=38b)
2018-02-28 12:38:10.424+0000 INFO  [org.neo4j]: [neo4j-community-2.1.8/data/myc2.db/neostore.labeltokenstore.db] brickCount=0 brickSize=0b mappedMem=0b (storeSize=0b)
2018-02-28 12:38:10.425+0000 INFO  [org.neo4j]: [neo4j-community-2.1.8/data/myc2.db/neostore.propertystore.db.strings] brickCount=0 brickSize=209664b mappedMem=209715200b (storeSize=128b)
2018-02-28 12:38:10.425+0000 INFO  [org.neo4j]: [neo4j-community-2.1.8/data/myc2.db/neostore.propertystore.db.index.keys] brickCount=0 brickSize=5206b mappedMem=5242880b (storeSize=38b)
2018-02-28 12:38:10.426+0000 INFO  [org.neo4j]: [neo4j-community-2.1.8/data/myc2.db/neostore.propertystore.db.index] brickCount=0 brickSize=52425b mappedMem=5242880b (storeSize=0b)
2018-02-28 12:38:10.427+0000 INFO  [org.neo4j]: [neo4j-community-2.1.8/data/myc2.db/neostore.propertystore.db.arrays] brickCount=0 brickSize=136192b mappedMem=136314880b (storeSize=128b)
2018-02-28 12:38:10.427+0000 INFO  [org.neo4j]: [neo4j-community-2.1.8/data/myc2.db/neostore.propertystore.db] brickCount=0 brickSize=2097150b mappedMem=209715200b (storeSize=0b)
2018-02-28 12:38:10.428+0000 INFO  [org.neo4j]: [neo4j-community-2.1.8/data/myc2.db/neostore.relationshipstore.db] brickCount=0 brickSize=21474808b mappedMem=2147483648b (storeSize=0b)
2018-02-28 12:38:10.429+0000 INFO  [org.neo4j]: [neo4j-community-2.1.8/data/myc2.db/neostore.nodestore.db.labels] brickCount=0 brickSize=0b mappedMem=0b (storeSize=68b)
2018-02-28 12:38:10.430+0000 INFO  [org.neo4j]: [neo4j-community-2.1.8/data/myc2.db/neostore.nodestore.db] brickCount=0 brickSize=2097150b mappedMem=209715200b (storeSize=0b)
2018-02-28 12:38:10.430+0000 INFO  [org.neo4j]: [neo4j-community-2.1.8/data/myc2.db/neostore.schemastore.db] brickCount=0 brickSize=0b mappedMem=0b (storeSize=64b)
2018-02-28 12:38:10.431+0000 INFO  [org.neo4j]: [neo4j-community-2.1.8/data/myc2.db/neostore.relationshipgroupstore.db] brickCount=0 brickSize=0b mappedMem=0b (storeSize=25b)
2018-02-28 12:38:10.432+0000 INFO  [org.neo4j]: [neo4j-community-2.1.8/data/myc2.db/neostore] brickCount=0 brickSize=0b mappedMem=0b (storeSize=81b)
2018-02-28 12:38:10.621+0000 INFO  [org.neo4j]: No lucene scan store index found, this might just be first use. Preparing to rebuild.
2018-02-28 12:38:10.665+0000 INFO  [org.neo4j]: No lucene scan store index found, this might just be first use. Preparing to rebuild.
2018-02-28 12:38:11.523+0000 INFO  [org.neo4j]: Rebuilding lucene scan store, this may take a while
2018-02-28 12:38:11.525+0000 INFO  [org.neo4j]: Lucene scan store rebuilt (roughly -1 nodes)
2018-02-28 12:38:11.697+0000 INFO  [org.neo4j]: neo4j-community-2.1.8/data/myc2.db/neostore.relationshiptypestore.db.names hit=0 miss=0 switches=0 ooe=0
2018-02-28 12:38:11.751+0000 INFO  [org.neo4j]: neo4j-community-2.1.8/data/myc2.db/neostore.relationshiptypestore.db hit=0 miss=0 switches=0 ooe=0
2018-02-28 12:38:11.807+0000 INFO  [org.neo4j]: neo4j-community-2.1.8/data/myc2.db/neostore.labeltokenstore.db.names hit=0 miss=0 switches=0 ooe=0
2018-02-28 12:38:11.862+0000 INFO  [org.neo4j]: neo4j-community-2.1.8/data/myc2.db/neostore.labeltokenstore.db hit=0 miss=0 switches=0 ooe=0
2018-02-28 12:38:11.918+0000 INFO  [org.neo4j]: neo4j-community-2.1.8/data/myc2.db/neostore.propertystore.db.strings hit=0 miss=0 switches=0 ooe=0
2018-02-28 12:38:11.962+0000 INFO  [org.neo4j]: neo4j-community-2.1.8/data/myc2.db/neostore.propertystore.db.index.keys hit=0 miss=0 switches=0 ooe=0
2018-02-28 12:38:12.018+0000 INFO  [org.neo4j]: neo4j-community-2.1.8/data/myc2.db/neostore.propertystore.db.index hit=0 miss=0 switches=0 ooe=0
2018-02-28 12:38:12.085+0000 INFO  [org.neo4j]: neo4j-community-2.1.8/data/myc2.db/neostore.propertystore.db.arrays hit=0 miss=0 switches=0 ooe=0
2018-02-28 12:38:12.140+0000 INFO  [org.neo4j]: neo4j-community-2.1.8/data/myc2.db/neostore.propertystore.db hit=0 miss=0 switches=0 ooe=0
2018-02-28 12:38:12.196+0000 INFO  [org.neo4j]: neo4j-community-2.1.8/data/myc2.db/neostore.relationshipstore.db hit=0 miss=0 switches=0 ooe=0
2018-02-28 12:38:12.251+0000 INFO  [org.neo4j]: neo4j-community-2.1.8/data/myc2.db/neostore.nodestore.db.labels hit=0 miss=0 switches=0 ooe=0
2018-02-28 12:38:12.307+0000 INFO  [org.neo4j]: neo4j-community-2.1.8/data/myc2.db/neostore.nodestore.db hit=0 miss=0 switches=0 ooe=0
2018-02-28 12:38:12.362+0000 INFO  [org.neo4j]: neo4j-community-2.1.8/data/myc2.db/neostore.schemastore.db hit=0 miss=0 switches=0 ooe=0
2018-02-28 12:38:12.418+0000 INFO  [org.neo4j]: neo4j-community-2.1.8/data/myc2.db/neostore.relationshipgroupstore.db hit=0 miss=0 switches=0 ooe=0
2018-02-28 12:38:12.473+0000 INFO  [org.neo4j]: neo4j-community-2.1.8/data/myc2.db/neostore hit=0 miss=2 switches=0 ooe=0
2018-02-28 12:38:12.540+0000 INFO  [org.neo4j]: Thread[main,5,main] Clean shutdown on BatchInserter(EmbeddedBatchInserter[neo4j-community-2.1.8/data/myc2.db])
