2017-10-20 13:16:10.284+0000 INFO  [org.neo4j]: [result/neostore.relationshiptypestore.db.names] brickCount=0 brickSize=0b mappedMem=0b (storeSize=38b)
2017-10-20 13:16:10.307+0000 INFO  [org.neo4j]: [result/neostore.relationshiptypestore.db] brickCount=0 brickSize=0b mappedMem=0b (storeSize=0b)
2017-10-20 13:16:10.339+0000 INFO  [org.neo4j]: result/neostore.relationshiptypestore.db.names hit=0 miss=0 switches=0 ooe=0
2017-10-20 13:16:10.395+0000 INFO  [org.neo4j]: result/neostore.relationshiptypestore.db hit=0 miss=0 switches=0 ooe=0
2017-10-20 13:16:10.608+0000 INFO  [org.neo4j]: [result/neostore.labeltokenstore.db.names] brickCount=0 brickSize=0b mappedMem=0b (storeSize=38b)
2017-10-20 13:16:10.610+0000 INFO  [org.neo4j]: [result/neostore.labeltokenstore.db] brickCount=0 brickSize=0b mappedMem=0b (storeSize=0b)
2017-10-20 13:16:10.640+0000 INFO  [org.neo4j]: result/neostore.labeltokenstore.db.names hit=0 miss=0 switches=0 ooe=0
2017-10-20 13:16:10.696+0000 INFO  [org.neo4j]: result/neostore.labeltokenstore.db hit=0 miss=0 switches=0 ooe=0
2017-10-20 13:16:10.929+0000 INFO  [org.neo4j]: [result/neostore.relationshiptypestore.db.names] brickCount=0 brickSize=0b mappedMem=0b (storeSize=38b)
2017-10-20 13:16:10.930+0000 INFO  [org.neo4j]: [result/neostore.relationshiptypestore.db] brickCount=0 brickSize=0b mappedMem=0b (storeSize=0b)
2017-10-20 13:16:10.930+0000 INFO  [org.neo4j]: [result/neostore.labeltokenstore.db.names] brickCount=0 brickSize=0b mappedMem=0b (storeSize=38b)
2017-10-20 13:16:10.931+0000 INFO  [org.neo4j]: [result/neostore.labeltokenstore.db] brickCount=0 brickSize=0b mappedMem=0b (storeSize=0b)
2017-10-20 13:16:10.931+0000 INFO  [org.neo4j]: [result/neostore.propertystore.db.strings] brickCount=0 brickSize=209664b mappedMem=209715200b (storeSize=128b)
2017-10-20 13:16:10.932+0000 INFO  [org.neo4j]: [result/neostore.propertystore.db.index.keys] brickCount=0 brickSize=5206b mappedMem=5242880b (storeSize=38b)
2017-10-20 13:16:10.933+0000 INFO  [org.neo4j]: [result/neostore.propertystore.db.index] brickCount=0 brickSize=52425b mappedMem=5242880b (storeSize=0b)
2017-10-20 13:16:10.933+0000 INFO  [org.neo4j]: [result/neostore.propertystore.db.arrays] brickCount=0 brickSize=136192b mappedMem=136314880b (storeSize=128b)
2017-10-20 13:16:10.936+0000 INFO  [org.neo4j]: [result/neostore.propertystore.db] brickCount=0 brickSize=2097150b mappedMem=209715200b (storeSize=0b)
2017-10-20 13:16:10.938+0000 INFO  [org.neo4j]: [result/neostore.relationshipstore.db] brickCount=0 brickSize=21474808b mappedMem=2147483648b (storeSize=0b)
2017-10-20 13:16:10.939+0000 INFO  [org.neo4j]: [result/neostore.nodestore.db.labels] brickCount=0 brickSize=0b mappedMem=0b (storeSize=68b)
2017-10-20 13:16:10.941+0000 INFO  [org.neo4j]: [result/neostore.nodestore.db] brickCount=0 brickSize=2097150b mappedMem=209715200b (storeSize=0b)
2017-10-20 13:16:10.941+0000 INFO  [org.neo4j]: [result/neostore.schemastore.db] brickCount=0 brickSize=0b mappedMem=0b (storeSize=64b)
2017-10-20 13:16:10.943+0000 INFO  [org.neo4j]: [result/neostore.relationshipgroupstore.db] brickCount=0 brickSize=0b mappedMem=0b (storeSize=25b)
2017-10-20 13:16:10.944+0000 INFO  [org.neo4j]: [result/neostore] brickCount=0 brickSize=0b mappedMem=0b (storeSize=0b)
2017-10-20 13:16:11.066+0000 INFO  [org.neo4j]: result/neostore.relationshiptypestore.db.names hit=0 miss=0 switches=0 ooe=0
2017-10-20 13:16:11.129+0000 INFO  [org.neo4j]: result/neostore.relationshiptypestore.db hit=0 miss=0 switches=0 ooe=0
2017-10-20 13:16:11.185+0000 INFO  [org.neo4j]: result/neostore.labeltokenstore.db.names hit=0 miss=0 switches=0 ooe=0
2017-10-20 13:16:11.240+0000 INFO  [org.neo4j]: result/neostore.labeltokenstore.db hit=0 miss=0 switches=0 ooe=0
2017-10-20 13:16:11.296+0000 INFO  [org.neo4j]: result/neostore.propertystore.db.strings hit=0 miss=0 switches=0 ooe=0
2017-10-20 13:16:11.351+0000 INFO  [org.neo4j]: result/neostore.propertystore.db.index.keys hit=0 miss=0 switches=0 ooe=0
2017-10-20 13:16:11.407+0000 INFO  [org.neo4j]: result/neostore.propertystore.db.index hit=0 miss=0 switches=0 ooe=0
2017-10-20 13:16:11.462+0000 INFO  [org.neo4j]: result/neostore.propertystore.db.arrays hit=0 miss=0 switches=0 ooe=0
2017-10-20 13:16:11.518+0000 INFO  [org.neo4j]: result/neostore.propertystore.db hit=0 miss=0 switches=0 ooe=0
2017-10-20 13:16:11.575+0000 INFO  [org.neo4j]: result/neostore.relationshipstore.db hit=0 miss=0 switches=0 ooe=0
2017-10-20 13:16:11.619+0000 INFO  [org.neo4j]: result/neostore.nodestore.db.labels hit=0 miss=0 switches=0 ooe=0
2017-10-20 13:16:11.675+0000 INFO  [org.neo4j]: result/neostore.nodestore.db hit=0 miss=0 switches=0 ooe=0
2017-10-20 13:16:11.730+0000 INFO  [org.neo4j]: result/neostore.schemastore.db hit=0 miss=0 switches=0 ooe=0
2017-10-20 13:16:11.775+0000 INFO  [org.neo4j]: result/neostore.relationshipgroupstore.db hit=0 miss=0 switches=0 ooe=0
2017-10-20 13:16:11.841+0000 INFO  [org.neo4j]: result/neostore hit=0 miss=10 switches=0 ooe=0
2017-10-20 13:16:11.886+0000 INFO  [org.neo4j]: Thread[main,5,main] Starting BatchInserter(EmbeddedBatchInserter[result])
2017-10-20 13:16:11.886+0000 INFO  [org.neo4j]: [result/neostore.relationshiptypestore.db.names] brickCount=0 brickSize=0b mappedMem=0b (storeSize=38b)
2017-10-20 13:16:11.887+0000 INFO  [org.neo4j]: [result/neostore.relationshiptypestore.db] brickCount=0 brickSize=0b mappedMem=0b (storeSize=0b)
2017-10-20 13:16:11.887+0000 INFO  [org.neo4j]: [result/neostore.labeltokenstore.db.names] brickCount=0 brickSize=0b mappedMem=0b (storeSize=38b)
2017-10-20 13:16:11.887+0000 INFO  [org.neo4j]: [result/neostore.labeltokenstore.db] brickCount=0 brickSize=0b mappedMem=0b (storeSize=0b)
2017-10-20 13:16:11.888+0000 INFO  [org.neo4j]: [result/neostore.propertystore.db.strings] brickCount=0 brickSize=209664b mappedMem=209715200b (storeSize=128b)
2017-10-20 13:16:11.888+0000 INFO  [org.neo4j]: [result/neostore.propertystore.db.index.keys] brickCount=0 brickSize=5206b mappedMem=5242880b (storeSize=38b)
2017-10-20 13:16:11.888+0000 INFO  [org.neo4j]: [result/neostore.propertystore.db.index] brickCount=0 brickSize=52425b mappedMem=5242880b (storeSize=0b)
2017-10-20 13:16:11.889+0000 INFO  [org.neo4j]: [result/neostore.propertystore.db.arrays] brickCount=0 brickSize=136192b mappedMem=136314880b (storeSize=128b)
2017-10-20 13:16:11.889+0000 INFO  [org.neo4j]: [result/neostore.propertystore.db] brickCount=0 brickSize=2097150b mappedMem=209715200b (storeSize=0b)
2017-10-20 13:16:11.889+0000 INFO  [org.neo4j]: [result/neostore.relationshipstore.db] brickCount=0 brickSize=21474808b mappedMem=2147483648b (storeSize=0b)
2017-10-20 13:16:11.890+0000 INFO  [org.neo4j]: [result/neostore.nodestore.db.labels] brickCount=0 brickSize=0b mappedMem=0b (storeSize=68b)
2017-10-20 13:16:11.890+0000 INFO  [org.neo4j]: [result/neostore.nodestore.db] brickCount=0 brickSize=2097150b mappedMem=209715200b (storeSize=0b)
2017-10-20 13:16:11.891+0000 INFO  [org.neo4j]: [result/neostore.schemastore.db] brickCount=0 brickSize=0b mappedMem=0b (storeSize=64b)
2017-10-20 13:16:11.891+0000 INFO  [org.neo4j]: [result/neostore.relationshipgroupstore.db] brickCount=0 brickSize=0b mappedMem=0b (storeSize=25b)
2017-10-20 13:16:11.891+0000 INFO  [org.neo4j]: [result/neostore] brickCount=0 brickSize=0b mappedMem=0b (storeSize=81b)
2017-10-20 13:16:11.956+0000 INFO  [org.neo4j]: No lucene scan store index found, this might just be first use. Preparing to rebuild.
2017-10-20 13:16:11.995+0000 INFO  [org.neo4j]: No lucene scan store index found, this might just be first use. Preparing to rebuild.
2017-10-20 13:16:12.157+0000 INFO  [org.neo4j]: Rebuilding lucene scan store, this may take a while
2017-10-20 13:16:12.158+0000 INFO  [org.neo4j]: Lucene scan store rebuilt (roughly -1 nodes)
2017-10-20 13:16:13.763+0000 INFO  [org.neo4j]: result/neostore.relationshiptypestore.db.names hit=0 miss=11 switches=0 ooe=0
2017-10-20 13:16:13.838+0000 INFO  [org.neo4j]: result/neostore.relationshiptypestore.db hit=0 miss=11 switches=0 ooe=0
2017-10-20 13:16:13.894+0000 INFO  [org.neo4j]: result/neostore.labeltokenstore.db.names hit=0 miss=0 switches=0 ooe=0
2017-10-20 13:16:13.949+0000 INFO  [org.neo4j]: result/neostore.labeltokenstore.db hit=0 miss=0 switches=0 ooe=0
2017-10-20 13:16:14.017+0000 INFO  [org.neo4j]: result/neostore.propertystore.db.strings hit=20 miss=0 switches=0 ooe=0
2017-10-20 13:16:14.084+0000 INFO  [org.neo4j]: result/neostore.propertystore.db.index.keys hit=11 miss=0 switches=0 ooe=0
2017-10-20 13:16:14.171+0000 INFO  [org.neo4j]: result/neostore.propertystore.db.index hit=11 miss=0 switches=0 ooe=0
2017-10-20 13:16:14.227+0000 INFO  [org.neo4j]: result/neostore.propertystore.db.arrays hit=0 miss=0 switches=0 ooe=0
2017-10-20 13:16:14.316+0000 INFO  [org.neo4j]: result/neostore.propertystore.db hit=3184 miss=0 switches=0 ooe=0
2017-10-20 13:16:14.404+0000 INFO  [org.neo4j]: result/neostore.relationshipstore.db hit=8406 miss=0 switches=0 ooe=0
2017-10-20 13:16:14.460+0000 INFO  [org.neo4j]: result/neostore.nodestore.db.labels hit=0 miss=0 switches=0 ooe=0
2017-10-20 13:16:14.538+0000 INFO  [org.neo4j]: result/neostore.nodestore.db hit=10254 miss=0 switches=0 ooe=0
2017-10-20 13:16:14.593+0000 INFO  [org.neo4j]: result/neostore.schemastore.db hit=0 miss=0 switches=0 ooe=0
2017-10-20 13:16:14.649+0000 INFO  [org.neo4j]: result/neostore.relationshipgroupstore.db hit=0 miss=0 switches=0 ooe=0
2017-10-20 13:16:14.737+0000 INFO  [org.neo4j]: result/neostore hit=0 miss=2 switches=0 ooe=0
2017-10-20 13:16:14.782+0000 INFO  [org.neo4j]: Thread[main,5,main] Clean shutdown on BatchInserter(EmbeddedBatchInserter[result])
